<?xml version="1.0" encoding="UTF-8"?>
<!-- Generated by org.testng.reporters.JUnitReportReporter -->
<testsuite hostname="IN-FVFFLPYXQ05D.local" failures="0" tests="1" name="tests.GetTestCases" time="2.815" errors="0" timestamp="2024-08-02T13:55:42 IST" skipped="0">
  <testcase classname="tests.GetTestCases" name="test_1" time="2.815"/>
  <system-out/>
</testsuite> <!-- tests.GetTestCases -->
