<?xml version="1.0" encoding="UTF-8"?>
<!-- Generated by org.testng.reporters.JUnitReportReporter -->
<testsuite hostname="IN-FVFFLPYXQ05D.local" failures="0" tests="3" name="tests.PutPatchAndDeleteTestCases" time="4.641" errors="0" timestamp="2023-12-17T16:04:33 IST" skipped="0">
  <testcase classname="tests.PutPatchAndDeleteTestCases" name="testPatch" time="0.765"/>
  <system-out/>
  <testcase classname="tests.PutPatchAndDeleteTestCases" name="testPut" time="0.722"/>
  <system-out/>
  <testcase classname="tests.PutPatchAndDeleteTestCases" name="testDelete" time="3.154"/>
  <system-out/>
</testsuite> <!-- tests.PutPatchAndDeleteTestCases -->
