<?xml version="1.0" encoding="UTF-8"?>
<!-- Generated by org.testng.reporters.JUnitReportReporter -->
<testsuite hostname="IN-FVFFLPYXQ05D.local" failures="0" tests="2" name="tests.SecondTestCases" time="3.781" errors="0" timestamp="2023-12-17T14:53:58 IST" skipped="0">
  <testcase classname="tests.SecondTestCases" name="test_1" time="2.516"/>
  <system-out/>
  <testcase classname="tests.SecondTestCases" name="test_2" time="1.265"/>
  <system-out/>
</testsuite> <!-- tests.SecondTestCases -->
