<?xml version="1.0" encoding="UTF-8"?>
<!-- Generated by org.testng.reporters.JUnitReportReporter -->
<testsuite hostname="IN-FVFFLPYXQ05D.local" failures="0" tests="1" name="tests.GetAndPostTestCases" time="3.198" errors="0" timestamp="2024-08-02T14:01:26 IST" skipped="0">
  <testcase classname="tests.GetAndPostTestCases" name="testPost" time="3.198"/>
  <system-out/>
</testsuite> <!-- tests.GetAndPostTestCases -->
