<?xml version="1.0" encoding="UTF-8"?>
<!-- Generated by org.testng.reporters.JUnitReportReporter -->
<testsuite hostname="IN-FVFFLPYXQ05D.local" failures="0" tests="2" name="tests.GetSecondTestCases" time="4.445" errors="0" timestamp="2023-12-21T15:51:14 IST" skipped="0">
  <testcase classname="tests.GetSecondTestCases" name="test_1" time="3.159"/>
  <system-out/>
  <testcase classname="tests.GetSecondTestCases" name="test_2" time="1.286"/>
  <system-out/>
</testsuite> <!-- tests.GetSecondTestCases -->
