<?xml version="1.0" encoding="UTF-8"?>
<!-- Generated by org.testng.reporters.JUnitReportReporter -->
<testsuite hostname="IN-FVFFLPYXQ05D.local" failures="0" tests="1" name="tests.SoapXMLRequest" time="0.007" errors="0" timestamp="2024-08-02T14:43:44 IST" skipped="0">
  <testcase classname="tests.SoapXMLRequest" name="validateSoapXML" time="0.007"/>
  <system-out/>
</testsuite> <!-- tests.SoapXMLRequest -->
