<?xml version="1.0" encoding="UTF-8"?>
<!-- Generated by org.testng.reporters.JUnitReportReporter -->
<testsuite hostname="IN-FVFFLPYXQ05D.local" failures="0" tests="1" name="tests.XMLSchemaValidation" time="0.013" errors="0" timestamp="2024-08-02T14:43:12 IST" skipped="0">
  <testcase classname="tests.XMLSchemaValidation" name="schemaValidation" time="0.013"/>
  <system-out/>
</testsuite> <!-- tests.XMLSchemaValidation -->
